"../../../Engine/Content/Functions/Engine_MaterialFunctions02/Utility/BreakOutFloat2Components.uasset" 0
"../../../Engine/Content/ArtTools/RenderToTexture/MaterialFunctions/CheckerPattern.uasset" 1
"D:/UE4 Projects/LD48/Content/Materials/AimParticle_M.uasset" 2
"D:/UE4 Projects/LD48/Content/Particle/AimParticle.uasset" 3
"D:/UE4 Projects/LD48/Content/AimParticle.uasset" 4
"D:/UE4 Projects/LD48/Content/AimParticle_M.uasset" 5
"D:/UE4 Projects/LD48/Content/Textures/Bubble.uasset" 6
"D:/UE4 Projects/LD48/Content/Materials/Bubble_PM.uasset" 7
"D:/UE4 Projects/LD48/Content/Particle/Bubbles.uasset" 8
"D:/UE4 Projects/LD48/Content/Bubbles.uasset" 9
"D:/UE4 Projects/LD48/Content/Textures/TalkingHeadNormal.uasset" 10
"../../../Engine/Content/EditorBlueprintResources/StandardMacros.uasset" 11
"D:/UE4 Projects/LD48/Content/Textures/TalkingHeadOpen.uasset" 12
"D:/UE4 Projects/LD48/Content/Sounds/MeBoeld48.uasset" 13
"D:/UE4 Projects/LD48/Content/Blueprints/DialogueStruct.uasset" 14
"D:/UE4 Projects/LD48/Content/UMG/ChatBox.uasset" 15
"D:/UE4 Projects/LD48/Content/ChatBox.uasset" 16
"D:/UE4 Projects/LD48/Content/DialogueStruct.uasset" 17
"D:/UE4 Projects/LD48/Content/Textures/harpoon.uasset" 18
"D:/UE4 Projects/LD48/Content/harpoon.uasset" 19
"../../Plugins/2D/Paper2D/Content/PlaceholderTextures/DummySpriteTexture.uasset" 20
"../../Plugins/2D/Paper2D/Content/DefaultSpriteMaterial.uasset" 21
"../../Plugins/2D/Paper2D/Content/TranslucentUnlitSpriteMaterial.uasset" 22
"D:/UE4 Projects/LD48/Content/Textures/Sprites/harpoon_Sprite.uasset" 23
"D:/UE4 Projects/LD48/Content/Blueprints/Interfaces.uasset" 24
"D:/UE4 Projects/LD48/Content/Blueprints/HarpoonProjectile.uasset" 25
"D:/UE4 Projects/LD48/Content/HarpoonProjectile.uasset" 26
"D:/UE4 Projects/LD48/Content/InteractionInterface.uasset" 27
"../../../Engine/Content/Functions/Engine_MaterialFunctions02/ExampleContent/Textures/water_d.uasset" 28
"D:/UE4 Projects/LD48/Content/Materials/Water_M.uasset" 29
"D:/UE4 Projects/LD48/Content/Materials/Invisble_M.uasset" 30
"D:/UE4 Projects/LD48/Content/Invisble_M.uasset" 31
"D:/UE4 Projects/LD48/Content/Textures/Sparkle.uasset" 32
"D:/UE4 Projects/LD48/Content/Materials/Sparkle_PM.uasset" 33
"D:/UE4 Projects/LD48/Content/Particle/ItemSparkles.uasset" 34
"D:/UE4 Projects/LD48/Content/ItemSparkles.uasset" 35
"D:/UE4 Projects/LD48/Content/Textures/ug.uasset" 36
"D:/UE4 Projects/LD48/Content/Textures/Sprites/ug_Sprite.uasset" 37
"D:/UE4 Projects/LD48/Content/Textures/oxygen.uasset" 38
"D:/UE4 Projects/LD48/Content/Textures/Sprites/oxygen_Sprite.uasset" 39
"D:/UE4 Projects/LD48/Content/Sounds/ug.uasset" 40
"D:/UE4 Projects/LD48/Content/Textures/idletalk.uasset" 41
"D:/UE4 Projects/LD48/Content/Textures/Sprites/idletalk_Sprite.uasset" 42
"D:/UE4 Projects/LD48/Content/Textures/idle1.uasset" 43
"D:/UE4 Projects/LD48/Content/Textures/Sprites/idle1_Sprite.uasset" 44
"D:/UE4 Projects/LD48/Content/Textures/Sprites/Talking.uasset" 45
"D:/UE4 Projects/LD48/Content/Textures/swim2.uasset" 46
"D:/UE4 Projects/LD48/Content/Textures/Sprites/swim2_Sprite.uasset" 47
"D:/UE4 Projects/LD48/Content/Textures/swim1.uasset" 48
"D:/UE4 Projects/LD48/Content/Textures/Sprites/swim1_Sprite.uasset" 49
"D:/UE4 Projects/LD48/Content/Textures/Sprites/Swimming.uasset" 50
"D:/UE4 Projects/LD48/Content/Textures/Sprites/Idle.uasset" 51
"D:/UE4 Projects/LD48/Content/Textures/hgune.uasset" 52
"D:/UE4 Projects/LD48/Content/Textures/Sprites/hgune_Sprite.uasset" 53
"D:/UE4 Projects/LD48/Content/Textures/hgun.uasset" 54
"D:/UE4 Projects/LD48/Content/Textures/Sprites/hgun_Sprite.uasset" 55
"D:/UE4 Projects/LD48/Content/Sounds/harpoonfire.uasset" 56
"../../../Engine/Content/Functions/Engine_MaterialFunctions02/ScreenResolution.uasset" 57
"../../../Engine/Content/Functions/Engine_MaterialFunctions01/Texturing/ScaleUVsByCenter.uasset" 58
"../../../Engine/Content/Functions/Engine_MaterialFunctions02/Texturing/ScreenAlignedUVs.uasset" 59
"../../../Engine/Content/Functions/Engine_MaterialFunctions01/Gradient/SphereGradient-2D.uasset" 60
"D:/UE4 Projects/LD48/Content/Materials/RadialFade.uasset" 61
"D:/UE4 Projects/LD48/Content/Textures/Marker.uasset" 62
"D:/UE4 Projects/LD48/Content/Textures/Sprites/Marker_Sprite.uasset" 63
"D:/UE4 Projects/LD48/Content/Blueprints/UsableTriggerBase.uasset" 64
"D:/UE4 Projects/LD48/Content/Blueprints/DialogueComponent.uasset" 65
"../../../Engine/Content/EngineFonts/Faces/DroidSansMono.uasset" 66
"../../../Engine/Content/EngineFonts/Faces/DroidSansFallback.uasset" 67
"../../../Engine/Content/EngineFonts/DroidSansMono.uasset" 68
"D:/UE4 Projects/LD48/Content/Textures/o2fill.uasset" 69
"D:/UE4 Projects/LD48/Content/Textures/o2empty.uasset" 70
"D:/UE4 Projects/LD48/Content/UMG/Player_UMG.uasset" 71
"D:/UE4 Projects/LD48/Content/Player_Char.uasset" 72
"D:/UE4 Projects/LD48/Content/Blueprints/Upgrade.uasset" 73
"D:/UE4 Projects/LD48/Content/Blueprints/TankUpgrade.uasset" 74
"D:/UE4 Projects/LD48/Content/O2Upgrade.uasset" 75
"D:/UE4 Projects/LD48/Content/Player_Cont.uasset" 76
"D:/UE4 Projects/LD48/Content/Player_GM.uasset" 77
"D:/UE4 Projects/LD48/Content/Player_UMG.uasset" 78
"D:/UE4 Projects/LD48/Content/Textures/fisherman21.uasset" 79
"D:/UE4 Projects/LD48/Content/Textures/fisherman11.uasset" 80
"D:/UE4 Projects/LD48/Content/Sounds/OllieBoeld48.uasset" 81
"D:/UE4 Projects/LD48/Content/Blueprints/UsableTriggerDialogue.uasset" 82
"D:/UE4 Projects/LD48/Content/Blueprints/ShopkeeperDialogueTrigger.uasset" 83
"D:/UE4 Projects/LD48/Content/Blueprints/ShopkeeperDialogue.uasset" 84
"D:/UE4 Projects/LD48/Content/ShopkeeperDialogue.uasset" 85
"D:/UE4 Projects/LD48/Content/Textures/speck.uasset" 86
"D:/UE4 Projects/LD48/Content/speck.uasset" 87
"D:/UE4 Projects/LD48/Content/Particle/SwimSplash.uasset" 88
"D:/UE4 Projects/LD48/Content/SwimSplash.uasset" 89
"D:/UE4 Projects/LD48/Content/ug.uasset" 90
"D:/UE4 Projects/LD48/Content/Upgrade.uasset" 91
"D:/UE4 Projects/LD48/Content/Blueprints/UpgradeWallHarpoon.uasset" 92
"D:/UE4 Projects/LD48/Content/UpgradeWallHarpoon.uasset" 93
"D:/UE4 Projects/LD48/Content/Blueprints/UsableTrigger.uasset" 94
"D:/UE4 Projects/LD48/Content/UsableTrigger.uasset" 95
"D:/UE4 Projects/LD48/Content/UsableTrigger_Dialogue.uasset" 96
"../../../Engine/Content/Functions/Engine_MaterialFunctions02/ExampleContent/Textures/WindTurblenceVectorAndGustMagnitude.uasset" 97
"D:/UE4 Projects/LD48/Content/Materials/Water_PPM.uasset" 98
"D:/UE4 Projects/LD48/Content/Water_PPM.uasset" 99
"D:/UE4 Projects/LD48/Content/Textures/fisherman1.uasset" 100
"D:/UE4 Projects/LD48/Content/Textures/Sprites/fisherman1_Sprite.uasset" 101
"D:/UE4 Projects/LD48/Content/AngryFish.uasset" 102
"D:/UE4 Projects/LD48/Content/Textures/crate.uasset" 103
"D:/UE4 Projects/LD48/Content/Textures/Sprites/crate_Sprite.uasset" 104
"D:/UE4 Projects/LD48/Content/Textures/crate_Sprite.uasset" 105
"D:/UE4 Projects/LD48/Content/Textures/exit.uasset" 106
"D:/UE4 Projects/LD48/Content/Textures/Sprites/exit_Sprite.uasset" 107
"D:/UE4 Projects/LD48/Content/Textures/exit_Sprite.uasset" 108
"D:/UE4 Projects/LD48/Content/Textures/fisherman1_Sprite.uasset" 109
"D:/UE4 Projects/LD48/Content/Textures/fisherman2.uasset" 110
"D:/UE4 Projects/LD48/Content/Textures/Sprites/fisherman2_Sprite.uasset" 111
"D:/UE4 Projects/LD48/Content/Textures/fisherman2_Sprite.uasset" 112
"D:/UE4 Projects/LD48/Content/Textures/Fishers2.uasset" 113
"D:/UE4 Projects/LD48/Content/Textures/Sprites/Fishers2_Sprite.uasset" 114
"D:/UE4 Projects/LD48/Content/Textures/Fishers2_Sprite.uasset" 115
"D:/UE4 Projects/LD48/Content/Textures/Fishers1.uasset" 116
"D:/UE4 Projects/LD48/Content/Textures/Sprites/Fishers_Sprite.uasset" 117
"D:/UE4 Projects/LD48/Content/Textures/Fishers_Sprite.uasset" 118
"D:/UE4 Projects/LD48/Content/Textures/harpoon_Sprite.uasset" 119
"D:/UE4 Projects/LD48/Content/Textures/hgune_Sprite.uasset" 120
"D:/UE4 Projects/LD48/Content/Textures/hgun_Sprite.uasset" 121
"D:/UE4 Projects/LD48/Content/Textures/Idle.uasset" 122
"D:/UE4 Projects/LD48/Content/Textures/idle1_Sprite.uasset" 123
"D:/UE4 Projects/LD48/Content/Textures/idletalk_Sprite.uasset" 124
"D:/UE4 Projects/LD48/Content/Textures/Level.uasset" 125
"D:/UE4 Projects/LD48/Content/Textures/Sprites/Level_Sprite.uasset" 126
"D:/UE4 Projects/LD48/Content/Textures/Level_Sprite.uasset" 127
"D:/UE4 Projects/LD48/Content/Textures/Marker_Sprite.uasset" 128
"D:/UE4 Projects/LD48/Content/Textures/oxygen_Sprite.uasset" 129
"D:/UE4 Projects/LD48/Content/Textures/Sign.uasset" 130
"D:/UE4 Projects/LD48/Content/Textures/Sprites/Sign_Sprite.uasset" 131
"D:/UE4 Projects/LD48/Content/Textures/Sign_Sprite.uasset" 132
"D:/UE4 Projects/LD48/Content/Textures/swim1_Sprite.uasset" 133
"D:/UE4 Projects/LD48/Content/Textures/swim2_Sprite.uasset" 134
"D:/UE4 Projects/LD48/Content/Textures/Swimming.uasset" 135
"D:/UE4 Projects/LD48/Content/Textures/Talking.uasset" 136
"D:/UE4 Projects/LD48/Content/Textures/tothe.uasset" 137
"D:/UE4 Projects/LD48/Content/Textures/Sprites/tothe_Sprite.uasset" 138
"D:/UE4 Projects/LD48/Content/Textures/tothe_Sprite.uasset" 139
"D:/UE4 Projects/LD48/Content/Textures/ug_Sprite.uasset" 140
"../../../Engine/Content/EngineMaterials/T_Default_Material_Grid_N.uasset" 141
"../../../Engine/Content/EngineMaterials/T_Default_Material_Grid_M.uasset" 142
"../../../Engine/Content/Functions/Engine_MaterialFunctions01/Opacity/CameraDepthFade.uasset" 143
"../../../Engine/Content/EngineMaterials/WorldGridMaterial.uasset" 144
"../../../Engine/Content/ArtTools/RenderToTexture/Meshes/S_1_Unit_Plane.uasset" 145
"../../../Engine/Content/EngineMaterials/DefaultMaterial.uasset" 146
"../../../Engine/Content/BasicShapes/Cone.uasset" 147
"../../../Engine/Content/BasicShapes/Cube.uasset" 148
"../../../Engine/Content/BasicShapes/Sphere.uasset" 149
"../../../Engine/Content/EditorLandscapeResources/DataLayer.uasset" 150
"../../../Engine/Content/EditorLandscapeResources/DefaultAlphaTexture.uasset" 151
"../../../Engine/Content/EditorMaterials/MAT_Groups_Toggle.uasset" 152
"../../../Engine/Content/EditorMaterials/MAT_Groups_Visibility.uasset" 153
"../../../Engine/Content/EditorMaterials/PreviewShadowIndicator.uasset" 154
"../../../Engine/Content/EditorMaterials/PreviewShadowIndicatorMaterial.uasset" 155
"../../../Engine/Content/EditorMaterials/MatineeGroups/MAT_ColorTrack.uasset" 156
"../../../Engine/Content/EditorMaterials/MatineeGroups/MAT_Groups_Anim.uasset" 157
"../../../Engine/Content/EditorMaterials/MatineeGroups/MAT_Groups_AudioMaster.uasset" 158
"../../../Engine/Content/EditorMaterials/MatineeGroups/MAT_Groups_Director.uasset" 159
"../../../Engine/Content/EditorMaterials/MatineeGroups/MAT_Groups_Event.uasset" 160
"../../../Engine/Content/EditorMaterials/MatineeGroups/MAT_Groups_Fade.uasset" 161
"../../../Engine/Content/EditorMaterials/MatineeGroups/MAT_Groups_Float.uasset" 162
"../../../Engine/Content/EditorMaterials/MatineeGroups/MAT_Groups_Move.uasset" 163
"../../../Engine/Content/EditorMaterials/MatineeGroups/MAT_Groups_Slomo.uasset" 164
"../../../Engine/Content/EditorMaterials/MatineeGroups/MAT_Groups_Sound.uasset" 165
"../../../Engine/Content/EditorMaterials/MatineeGroups/MAT_Groups_Vector.uasset" 166
"../../../Engine/Content/EditorMaterials/ParticleSystems/PSysThumbnail_NoImage.uasset" 167
"../../../Engine/Content/EditorMaterials/ParticleSystems/PSysThumbnail_OOD.uasset" 168
"../../../Engine/Content/EditorMaterials/Camera/CineMat.uasset" 169
"../../../Engine/Content/EditorMaterials/Camera/MI_CineMat_Rig.uasset" 170
"../../../Engine/Content/EditorMeshes/Camera/SM_CraneRig_Arm.uasset" 171
"../../../Engine/Content/EditorMeshes/Camera/SM_CraneRig_Base.uasset" 172
"../../../Engine/Content/EditorMeshes/Camera/SM_CraneRig_Body.uasset" 173
"../../../Engine/Content/EditorMeshes/Camera/SM_CraneRig_Mount.uasset" 174
"../../../Engine/Content/EditorMeshes/Camera/SM_RailRig_Mount.uasset" 175
"../../../Engine/Content/EditorMeshes/Camera/SM_RailRig_Track.uasset" 176
"../../../Engine/Content/EditorResources/BSPVertex.uasset" 177
"../../../Engine/Content/EditorResources/S_Actor.uasset" 178
"../../../Engine/Content/EditorResources/S_Note.uasset" 179
"../../../Engine/Content/EditorResources/S_Solver.uasset" 180
"../../../Engine/Content/EditorResources/S_Terrain.uasset" 181
"../../../Engine/Content/EditorResources/S_Trigger.uasset" 182
"../../../Engine/Content/EditorResources/SequenceRecorder/Countdown.uasset" 183
"../../../Engine/Content/EditorResources/SequenceRecorder/RecordingIndicator.uasset" 184
"../../../Engine/Content/EngineDamageTypes/DmgTypeBP_Environmental.uasset" 185
"../../../Engine/Content/EngineDebugMaterials/DebugEditorMaterial.uasset" 186
"../../../Engine/Content/EngineDebugMaterials/DebugMeshMaterial.uasset" 187
"../../../Engine/Content/EngineDebugMaterials/M_SimpleUnlitTranslucent.uasset" 188
"../../../Engine/Content/EngineDebugMaterials/VolumeToRender.uasset" 189
"../../../Engine/Content/Functions/Engine_MaterialFunctions02/Utility/CameraDirectionVector.uasset" 190
"../../../Engine/Content/EngineDebugMaterials/M_VolumeRenderSphereTracePP.uasset" 191
"../../../Engine/Content/Functions/Engine_MaterialFunctions01/Shading/ConvertFromDiffSpec.uasset" 192
"../../../Engine/Content/EngineDebugMaterials/VertexColorMaterial.uasset" 193
"../../../Engine/Content/EngineDebugMaterials/WireframeMaterial.uasset" 194
"../../../Engine/Content/EngineFonts/Faces/RobotoRegular.uasset" 195
"../../../Engine/Content/EngineFonts/Faces/RobotoLight.uasset" 196
"../../../Engine/Content/EngineFonts/Faces/RobotoItalic.uasset" 197
"../../../Engine/Content/EngineFonts/Faces/RobotoBoldItalic.uasset" 198
"../../../Engine/Content/EngineFonts/Faces/RobotoBold.uasset" 199
"../../../Engine/Content/EngineFonts/Roboto.uasset" 200
"../../../Engine/Content/EngineMaterials/BaseFlattenNormalMap.uasset" 201
"../../../Engine/Content/EngineMaterials/BaseFlattenGrayscaleMap.uasset" 202
"../../../Engine/Content/EngineMaterials/BaseFlattenEmissiveMap.uasset" 203
"../../../Engine/Content/EngineMaterials/BaseFlattenDiffuseMap.uasset" 204
"../../../Engine/Content/EngineMaterials/BaseFlattenMaterial.uasset" 205
"../../../Engine/Content/EngineMaterials/BlueNoise.uasset" 206
"../../../Engine/Content/EngineMaterials/DefaultBloomKernel.uasset" 207
"../../../Engine/Content/EngineMaterials/DefaultBokeh.uasset" 208
"../../../Engine/Content/EngineMaterials/DefaultDiffuse.uasset" 209
"../../../Engine/Content/EngineMaterials/DefaultDeferredDecalMaterial.uasset" 210
"../../../Engine/Content/EngineMaterials/DefaultLightFunctionMaterial.uasset" 211
"../../../Engine/Content/EngineMaterials/DefaultPhysicalMaterial.uasset" 212
"../../../Engine/Content/EngineMaterials/DefaultPostProcessMaterial.uasset" 213
"../../../Engine/Content/EngineFonts/RobotoDistanceField.uasset" 214
"../../../Engine/Content/EngineMaterials/DefaultTextMaterialOpaque.uasset" 215
"../../../Engine/Content/EngineMaterials/DefaultWhiteGrid.uasset" 216
"../../../Engine/Content/EngineMaterials/DefaultWhiteGrid_Low.uasset" 217
"../../../Engine/Content/EngineMaterials/EmissiveMeshMaterial.uasset" 218
"../../../Engine/Content/EngineMaterials/GizmoMaterial.uasset" 219
"../../../Engine/Content/EngineMaterials/Good64x64TilingNoiseHighFreq.uasset" 220
"../../../Engine/Content/EngineMaterials/MiniFont.uasset" 221
"../../../Engine/Content/EngineMaterials/InvalidLightmapSettings.uasset" 222
"../../../Engine/Content/EngineMaterials/M_InvalidLightmapSettings.uasset" 223
"../../../Engine/Content/Functions/Engine_MaterialFunctions02/WorldPositionOffset/CameraOffset.uasset" 224
"../../../Engine/Content/EngineMaterials/PhAT_JointLimitMaterial.uasset" 225
"../../../Engine/Content/EngineMaterials/PreintegratedSkinBRDF.uasset" 226
"../../../Engine/Content/EngineMaterials/RemoveSurfaceMaterial.uasset" 227
"../../../Engine/Content/EngineMaterials/WeightMapPlaceholderTexture.uasset" 228
"../../../Engine/Content/EngineResources/WhiteSquareTexture.uasset" 229
"../../../Engine/Content/EngineMaterials/Widget3DPassThrough.uasset" 230
"../../../Engine/Content/EngineMaterials/Widget3DPassThrough_Masked.uasset" 231
"../../../Engine/Content/EngineMaterials/Widget3DPassThrough_Opaque.uasset" 232
"../../../Engine/Content/EngineMaterials/Widget3DPassThrough_Masked_OneSided.uasset" 233
"../../../Engine/Content/EngineMaterials/Widget3DPassThrough_Opaque_OneSided.uasset" 234
"../../../Engine/Content/EngineMaterials/Widget3DPassThrough_Translucent.uasset" 235
"../../../Engine/Content/EngineMaterials/Widget3DPassThrough_Translucent_OneSided.uasset" 236
"../../../Engine/Content/EngineMeshes/Cylinder.uasset" 237
"../../../Engine/Content/EngineMeshes/Sphere.uasset" 238
"../../../Engine/Content/EngineResources/Black.uasset" 239
"../../../Engine/Content/EngineResources/DefaultTextureCube.uasset" 240
"../../../Engine/Content/EngineResources/DefaultVolumeTexture2D.uasset" 241
"../../../Engine/Content/EngineResources/DefaultVolumeTexture.uasset" 242
"../../../Engine/Content/EngineResources/GradientTexture0.uasset" 243
"../../../Engine/Content/EngineSky/VolumetricClouds/T_NoiseShape64.uasset" 244
"../../../Engine/Content/EngineSky/VolumetricClouds/T_VolumeNoiseShape64.uasset" 245
"../../../Engine/Content/EngineSky/VolumetricClouds/T_NoiseErosion.uasset" 246
"../../../Engine/Content/EngineSky/VolumetricClouds/T_VolumeNoiseErosion32.uasset" 247
"../../../Engine/Content/EngineSky/VolumetricClouds/CloudWeatherTexture.uasset" 248
"../../../Engine/Content/EngineSky/VolumetricClouds/CloudGradientTexture.uasset" 249
"../../../Engine/Content/Functions/Engine_MaterialFunctions02/Utility/MakeFloat2.uasset" 250
"../../../Engine/Content/EngineSky/VolumetricClouds/m_SimpleVolumetricCloud.uasset" 251
"../../../Engine/Content/EngineSky/VolumetricClouds/m_SimpleVolumetricCloud_Inst.uasset" 252
"../../../Engine/Content/EngineSounds/Master.uasset" 253
"../../../Engine/Content/Functions/Engine_MaterialFunctions01/Shading/PowerToRoughness.uasset" 254
"../../../Engine/Content/Maps/Templates/Thumbnails/Default.uasset" 255
"../../../Engine/Content/Maps/Templates/Thumbnails/TimeOfDay.uasset" 256
"../../../Engine/Content/Maps/Templates/Thumbnails/VR-Basic.uasset" 257
"../../../Engine/Content/MobileResources/T_MobileControls_texture.uasset" 258
"../../../Engine/Content/MobileResources/T_MobileMenu2.uasset" 259
"../../../Engine/Content/MobileResources/HUD/AnalogHat.uasset" 260
"../../../Engine/Content/MobileResources/HUD/VirtualJoystick_Thumb.uasset" 261
"../../../Engine/Content/MobileResources/HUD/VirtualJoystick_Background.uasset" 262
"../../../Engine/Content/MobileResources/HUD/DefaultVirtualJoysticks.uasset" 263
"../../../Engine/Content/MobileResources/HUD/LeftVirtualJoystickOnly.uasset" 264
"../../../Engine/Content/MobileResources/HUD/MobileHUDButton1_off.uasset" 265
"../../../Engine/Content/MobileResources/HUD/MobileHUDButton1_on.uasset" 266
"../../../Engine/Content/MobileResources/HUD/MobileHUDButton2_off.uasset" 267
"../../../Engine/Content/MobileResources/HUD/MobileHUDButton2_on.uasset" 268
"../../../Engine/Content/MobileResources/HUD/MobileHUDButton3.uasset" 269
"../../../Engine/Content/MobileResources/HUD/MobileHUDButtonFire.uasset" 270
"../../../Engine/Content/MobileResources/HUD/MobileHUDDirectionPad.uasset" 271
"../../../Engine/Content/MobileResources/HUD/MobileHUDDirectionPad2.uasset" 272
"../../../Engine/Content/MobileResources/HUD/MobileHUDDirectionPad3.uasset" 273
"../../../Engine/Content/MobileResources/HUD/MobileHUDDirectionStick.uasset" 274
"../../../Engine/Content/MobileResources/HUD/T_Castle_ThumbstickInner.uasset" 275
"../../../Engine/Content/MobileResources/HUD/T_Castle_ThumbstickOutter.uasset" 276
"../../../Engine/Content/Tutorial/ContentIntroCurve.uasset" 277
"../../../Engine/Content/Tutorial/Basics/LevelEditorAttract.uasset" 278
"../../../Engine/Content/Tutorial/Installation/InstallingVisualStudioTutorial.uasset" 279
"../../../Engine/Content/VREditor/TransformGizmo/TranslucentTransformGizmoMaterial.uasset" 280
"../../../Engine/Content/VREditor/LaserPointer/VR_LaserPower_01.uasset" 281
"../../../Engine/Content/VREditor/TransformGizmo/TransformGizmoMaterial.uasset" 282
"../../../Engine/Content/VREditor/TransformGizmo/BoundingBoxCorner.uasset" 283
"../../../Engine/Content/VREditor/TransformGizmo/BoundingBoxEdge.uasset" 284
"../../../Engine/Content/VREditor/TransformGizmo/PlaneTranslationHandle.uasset" 285
"../../../Engine/Content/VREditor/TransformGizmo/Xray.uasset" 286
"../../../Engine/Content/VREditor/TransformGizmo/Main.uasset" 287
"../../../Engine/Content/VREditor/TransformGizmo/SM_Sequencer_Key.uasset" 288
"../../../Engine/Content/VREditor/TransformGizmo/SM_Sequencer_Node.uasset" 289
"../../Plugins/2D/Paper2D/Content/DummySprite.uasset" 290
"../../Plugins/2D/Paper2D/Content/DefaultPaperTerrainMaterial.uasset" 291
"../../Plugins/2D/Paper2D/Content/MaskedUnlitSpriteMaterial.uasset" 292
"../../Plugins/2D/Paper2D/Content/OpaqueUnlitSpriteMaterial.uasset" 293
"../../../Engine/Content/Functions/Engine_MaterialFunctions02/Utility/BreakOutFloat3Components.uasset" 294
"../../Plugins/Editor/SpeedTreeImporter/Content/SpeedTree9/UnpackInteger3.uasset" 295
"../../Plugins/Editor/SpeedTreeImporter/Content/SpeedTree9/UnpackDirection.uasset" 296
"../../Plugins/Editor/SpeedTreeImporter/Content/SpeedTree9/game_wind_noise.uasset" 297
"../../../Engine/Content/Functions/Engine_MaterialFunctions02/SafeNormalize.uasset" 298
"../../Plugins/Editor/SpeedTreeImporter/Content/SpeedTree9/SpeedTreeWindMotion.uasset" 299
"../../Plugins/Editor/SpeedTreeImporter/Content/SpeedTree9/SpeedTreeBranchMotion.uasset" 300
"../../../Engine/Content/Functions/Engine_MaterialFunctions02/ObjectLocalBounds.uasset" 301
"../../../Engine/Content/Functions/Engine_MaterialFunctions02/UVs/BoundingBoxBased_0-1_UVW.uasset" 302
"../../Plugins/Editor/SpeedTreeImporter/Content/SpeedTree9/SpeedTreeWind.uasset" 303
"../../Plugins/Editor/SpeedTreeImporter/Content/SpeedTree9/SpeedTreeBillboard.uasset" 304
"../../../Engine/Content/EngineResources/DefaultTexture.uasset" 305
"../../Plugins/Editor/SpeedTreeImporter/Content/SpeedTree9/SpeedTreeBillboardMaster.uasset" 306
"../../Plugins/Editor/SpeedTreeImporter/Content/SpeedTree9/SpeedTreeCameraFacing.uasset" 307
"../../Plugins/Editor/SpeedTreeImporter/Content/SpeedTree9/SpeedTreeMaster.uasset" 308
"../../../Engine/Content/BasicShapes/Cylinder.uasset" 309
"../../../Engine/Content/ArtTools/RenderToTexture/Materials/Debug/M_Emissive_Color.uasset" 310
"../../Plugins/Lumin/MagicLeapPassableWorld/Content/MagicLeapARPinInfoActor.uasset" 311
"D:/UE4 Projects/LD48/Content/Textures/sticky.uasset" 312
"D:/UE4 Projects/LD48/Content/Textures/Sprites/sticky_Sprite.uasset" 313
"D:/UE4 Projects/LD48/Content/Textures/ship.uasset" 314
"D:/UE4 Projects/LD48/Content/Textures/Sprites/ship_Sprite.uasset" 315
"../../../Engine/Content/BasicShapes/Plane.uasset" 316
"D:/UE4 Projects/LD48/Content/Materials/Invisible_M.uasset" 317
"D:/UE4 Projects/LD48/Content/Test_BuiltData.uasset" 318
"D:/UE4 Projects/LD48/Content/Textures/warning.uasset" 319
"D:/UE4 Projects/LD48/Content/Textures/Sprites/warning_Sprite.uasset" 320
"D:/UE4 Projects/LD48/Content/Textures/warning_Sprite_Blueprint.uasset" 321
"D:/UE4 Projects/LD48/Content/Textures/target.uasset" 322
"D:/UE4 Projects/LD48/Content/Textures/Sprites/target_Sprite.uasset" 323
"D:/UE4 Projects/LD48/Content/Sounds/ld48explode.uasset" 324
"D:/UE4 Projects/LD48/Content/Textures/QMarker.uasset" 325
"D:/UE4 Projects/LD48/Content/Materials/Question_PM.uasset" 326
"D:/UE4 Projects/LD48/Content/Particle/ItemSparkles_2.uasset" 327
"D:/UE4 Projects/LD48/Content/Particle/Explode.uasset" 328
"D:/UE4 Projects/LD48/Content/Blueprints/HarpoonTarget.uasset" 329
"D:/UE4 Projects/LD48/Content/Blueprints/UsableTriggerTeleport.uasset" 330
"D:/UE4 Projects/LD48/Content/Test.umap" 331
"../../../Engine/Content/Maps/Entry_BuiltData.uasset" 332
"../../../Engine/Content/Maps/Entry.umap" 333
